have_header: checking for ruby/st.h... -------------------- yes

"gcc -o conftest -I/home/mateus/.asdf/installs/ruby/2.5.0/include/ruby-2.5.0/x86_64-linux -I/home/mateus/.asdf/installs/ruby/2.5.0/include/ruby-2.5.0/ruby/backward -I/home/mateus/.asdf/installs/ruby/2.5.0/include/ruby-2.5.0 -I. -I/home/mateus/.asdf/installs/ruby/2.5.0/include    -O3 -ggdb3 -Wall -Wextra -Wno-unused-parameter -Wno-parentheses -Wno-long-long -Wno-missing-field-initializers -Wno-tautological-compare -Wno-parentheses-equality -Wno-constant-logical-operand -Wno-self-assign -Wunused-variable -Wimplicit-int -Wpointer-arith -Wwrite-strings -Wdeclaration-after-statement -Wimplicit-function-declaration -Wdeprecated-declarations -Wmisleading-indentation -Wno-packed-bitfield-compat -Wsuggest-attribute=noreturn -Wsuggest-attribute=format -Wimplicit-fallthrough=0 -Wduplicated-cond -Wrestrict  -fPIC conftest.c  -L. -L/home/mateus/.asdf/installs/ruby/2.5.0/lib -Wl,-rpath,/home/mateus/.asdf/installs/ruby/2.5.0/lib -L. -L/home/mateus/.asdf/installs/ruby/2.5.0/lib  -fstack-protector -rdynamic -Wl,-export-dynamic     -Wl,-rpath,/home/mateus/.asdf/installs/ruby/2.5.0/lib -L/home/mateus/.asdf/installs/ruby/2.5.0/lib -lruby  -lpthread -lgmp -ldl -lcrypt -lm   -lc"
checked program was:
/* begin */
1: #include "ruby.h"
2: 
3: int main(int argc, char **argv)
4: {
5:   return 0;
6: }
/* end */

"gcc -E -I/home/mateus/.asdf/installs/ruby/2.5.0/include/ruby-2.5.0/x86_64-linux -I/home/mateus/.asdf/installs/ruby/2.5.0/include/ruby-2.5.0/ruby/backward -I/home/mateus/.asdf/installs/ruby/2.5.0/include/ruby-2.5.0 -I. -I/home/mateus/.asdf/installs/ruby/2.5.0/include    -O3 -ggdb3 -Wall -Wextra -Wno-unused-parameter -Wno-parentheses -Wno-long-long -Wno-missing-field-initializers -Wno-tautological-compare -Wno-parentheses-equality -Wno-constant-logical-operand -Wno-self-assign -Wunused-variable -Wimplicit-int -Wpointer-arith -Wwrite-strings -Wdeclaration-after-statement -Wimplicit-function-declaration -Wdeprecated-declarations -Wmisleading-indentation -Wno-packed-bitfield-compat -Wsuggest-attribute=noreturn -Wsuggest-attribute=format -Wimplicit-fallthrough=0 -Wduplicated-cond -Wrestrict  -fPIC  conftest.c -o conftest.i"
checked program was:
/* begin */
1: #include "ruby.h"
2: 
3: #include <ruby/st.h>
/* end */

--------------------

have_header: checking for st.h... -------------------- yes

"gcc -E -I/home/mateus/.asdf/installs/ruby/2.5.0/include/ruby-2.5.0/x86_64-linux -I/home/mateus/.asdf/installs/ruby/2.5.0/include/ruby-2.5.0/ruby/backward -I/home/mateus/.asdf/installs/ruby/2.5.0/include/ruby-2.5.0 -I. -I/home/mateus/.asdf/installs/ruby/2.5.0/include    -O3 -ggdb3 -Wall -Wextra -Wno-unused-parameter -Wno-parentheses -Wno-long-long -Wno-missing-field-initializers -Wno-tautological-compare -Wno-parentheses-equality -Wno-constant-logical-operand -Wno-self-assign -Wunused-variable -Wimplicit-int -Wpointer-arith -Wwrite-strings -Wdeclaration-after-statement -Wimplicit-function-declaration -Wdeprecated-declarations -Wmisleading-indentation -Wno-packed-bitfield-compat -Wsuggest-attribute=noreturn -Wsuggest-attribute=format -Wimplicit-fallthrough=0 -Wduplicated-cond -Wrestrict  -fPIC  conftest.c -o conftest.i"
In file included from conftest.c:3:
/home/mateus/.asdf/installs/ruby/2.5.0/include/ruby-2.5.0/ruby/backward/st.h:2:2: warning: #warning use "ruby/st.h" instead of bare "st.h" [-Wcpp]
    2 | #warning use "ruby/st.h" instead of bare "st.h"
      |  ^~~~~~~
cc1: warning: unrecognized command line option ‘-Wno-self-assign’
cc1: warning: unrecognized command line option ‘-Wno-constant-logical-operand’
cc1: warning: unrecognized command line option ‘-Wno-parentheses-equality’
checked program was:
/* begin */
1: #include "ruby.h"
2: 
3: #include <st.h>
/* end */

--------------------

have_func: checking for rb_enc_interned_str() in ruby.h... -------------------- no

"gcc -o conftest -I/home/mateus/.asdf/installs/ruby/2.5.0/include/ruby-2.5.0/x86_64-linux -I/home/mateus/.asdf/installs/ruby/2.5.0/include/ruby-2.5.0/ruby/backward -I/home/mateus/.asdf/installs/ruby/2.5.0/include/ruby-2.5.0 -I. -I/home/mateus/.asdf/installs/ruby/2.5.0/include    -O3 -ggdb3 -Wall -Wextra -Wno-unused-parameter -Wno-parentheses -Wno-long-long -Wno-missing-field-initializers -Wno-tautological-compare -Wno-parentheses-equality -Wno-constant-logical-operand -Wno-self-assign -Wunused-variable -Wimplicit-int -Wpointer-arith -Wwrite-strings -Wdeclaration-after-statement -Wimplicit-function-declaration -Wdeprecated-declarations -Wmisleading-indentation -Wno-packed-bitfield-compat -Wsuggest-attribute=noreturn -Wsuggest-attribute=format -Wimplicit-fallthrough=0 -Wduplicated-cond -Wrestrict  -fPIC conftest.c  -L. -L/home/mateus/.asdf/installs/ruby/2.5.0/lib -Wl,-rpath,/home/mateus/.asdf/installs/ruby/2.5.0/lib -L. -L/home/mateus/.asdf/installs/ruby/2.5.0/lib  -fstack-protector -rdynamic -Wl,-export-dynamic     -Wl,-rpath,/home/mateus/.asdf/installs/ruby/2.5.0/lib -L/home/mateus/.asdf/installs/ruby/2.5.0/lib -lruby  -lpthread -lgmp -ldl -lcrypt -lm   -lc"
conftest.c: In function ‘t’:
conftest.c:15:57: error: ‘rb_enc_interned_str’ undeclared (first use in this function); did you mean ‘rb_sym_interned_p’?
   15 | int t(void) { void ((*volatile p)()); p = (void ((*)()))rb_enc_interned_str; return !p; }
      |                                                         ^~~~~~~~~~~~~~~~~~~
      |                                                         rb_sym_interned_p
conftest.c:15:57: note: each undeclared identifier is reported only once for each function it appears in
conftest.c: At top level:
cc1: warning: unrecognized command line option ‘-Wno-self-assign’
cc1: warning: unrecognized command line option ‘-Wno-constant-logical-operand’
cc1: warning: unrecognized command line option ‘-Wno-parentheses-equality’
checked program was:
/* begin */
 1: #include "ruby.h"
 2: 
 3: #include <ruby.h>
 4: 
 5: /*top*/
 6: extern int t(void);
 7: int main(int argc, char **argv)
 8: {
 9:   if (argc > 1000000) {
10:     printf("%p", &t);
11:   }
12: 
13:   return 0;
14: }
15: int t(void) { void ((*volatile p)()); p = (void ((*)()))rb_enc_interned_str; return !p; }
/* end */

"gcc -o conftest -I/home/mateus/.asdf/installs/ruby/2.5.0/include/ruby-2.5.0/x86_64-linux -I/home/mateus/.asdf/installs/ruby/2.5.0/include/ruby-2.5.0/ruby/backward -I/home/mateus/.asdf/installs/ruby/2.5.0/include/ruby-2.5.0 -I. -I/home/mateus/.asdf/installs/ruby/2.5.0/include    -O3 -ggdb3 -Wall -Wextra -Wno-unused-parameter -Wno-parentheses -Wno-long-long -Wno-missing-field-initializers -Wno-tautological-compare -Wno-parentheses-equality -Wno-constant-logical-operand -Wno-self-assign -Wunused-variable -Wimplicit-int -Wpointer-arith -Wwrite-strings -Wdeclaration-after-statement -Wimplicit-function-declaration -Wdeprecated-declarations -Wmisleading-indentation -Wno-packed-bitfield-compat -Wsuggest-attribute=noreturn -Wsuggest-attribute=format -Wimplicit-fallthrough=0 -Wduplicated-cond -Wrestrict  -fPIC conftest.c  -L. -L/home/mateus/.asdf/installs/ruby/2.5.0/lib -Wl,-rpath,/home/mateus/.asdf/installs/ruby/2.5.0/lib -L. -L/home/mateus/.asdf/installs/ruby/2.5.0/lib  -fstack-protector -rdynamic -Wl,-export-dynamic     -Wl,-rpath,/home/mateus/.asdf/installs/ruby/2.5.0/lib -L/home/mateus/.asdf/installs/ruby/2.5.0/lib -lruby  -lpthread -lgmp -ldl -lcrypt -lm   -lc"
/usr/bin/ld: /tmp/ccZUTr6p.o: na função "t":
/home/mateus/projetos/time_to_answer/vendor/bundle/ruby/2.5.0/gems/msgpack-1.6.1/ext/msgpack/conftest.c:16: referência não definida para "rb_enc_interned_str"
collect2: error: ld returned 1 exit status
checked program was:
/* begin */
 1: #include "ruby.h"
 2: 
 3: #include <ruby.h>
 4: 
 5: /*top*/
 6: extern int t(void);
 7: int main(int argc, char **argv)
 8: {
 9:   if (argc > 1000000) {
10:     printf("%p", &t);
11:   }
12: 
13:   return 0;
14: }
15: extern void rb_enc_interned_str();
16: int t(void) { rb_enc_interned_str(); return 0; }
/* end */

--------------------

have_func: checking for rb_hash_new_capa() in ruby.h... -------------------- no

"gcc -o conftest -I/home/mateus/.asdf/installs/ruby/2.5.0/include/ruby-2.5.0/x86_64-linux -I/home/mateus/.asdf/installs/ruby/2.5.0/include/ruby-2.5.0/ruby/backward -I/home/mateus/.asdf/installs/ruby/2.5.0/include/ruby-2.5.0 -I. -I/home/mateus/.asdf/installs/ruby/2.5.0/include    -O3 -ggdb3 -Wall -Wextra -Wno-unused-parameter -Wno-parentheses -Wno-long-long -Wno-missing-field-initializers -Wno-tautological-compare -Wno-parentheses-equality -Wno-constant-logical-operand -Wno-self-assign -Wunused-variable -Wimplicit-int -Wpointer-arith -Wwrite-strings -Wdeclaration-after-statement -Wimplicit-function-declaration -Wdeprecated-declarations -Wmisleading-indentation -Wno-packed-bitfield-compat -Wsuggest-attribute=noreturn -Wsuggest-attribute=format -Wimplicit-fallthrough=0 -Wduplicated-cond -Wrestrict  -fPIC conftest.c  -L. -L/home/mateus/.asdf/installs/ruby/2.5.0/lib -Wl,-rpath,/home/mateus/.asdf/installs/ruby/2.5.0/lib -L. -L/home/mateus/.asdf/installs/ruby/2.5.0/lib  -fstack-protector -rdynamic -Wl,-export-dynamic     -Wl,-rpath,/home/mateus/.asdf/installs/ruby/2.5.0/lib -L/home/mateus/.asdf/installs/ruby/2.5.0/lib -lruby  -lpthread -lgmp -ldl -lcrypt -lm   -lc"
conftest.c: In function ‘t’:
conftest.c:15:57: error: ‘rb_hash_new_capa’ undeclared (first use in this function); did you mean ‘rb_ary_new_capa’?
   15 | int t(void) { void ((*volatile p)()); p = (void ((*)()))rb_hash_new_capa; return !p; }
      |                                                         ^~~~~~~~~~~~~~~~
      |                                                         rb_ary_new_capa
conftest.c:15:57: note: each undeclared identifier is reported only once for each function it appears in
conftest.c: At top level:
cc1: warning: unrecognized command line option ‘-Wno-self-assign’
cc1: warning: unrecognized command line option ‘-Wno-constant-logical-operand’
cc1: warning: unrecognized command line option ‘-Wno-parentheses-equality’
checked program was:
/* begin */
 1: #include "ruby.h"
 2: 
 3: #include <ruby.h>
 4: 
 5: /*top*/
 6: extern int t(void);
 7: int main(int argc, char **argv)
 8: {
 9:   if (argc > 1000000) {
10:     printf("%p", &t);
11:   }
12: 
13:   return 0;
14: }
15: int t(void) { void ((*volatile p)()); p = (void ((*)()))rb_hash_new_capa; return !p; }
/* end */

"gcc -o conftest -I/home/mateus/.asdf/installs/ruby/2.5.0/include/ruby-2.5.0/x86_64-linux -I/home/mateus/.asdf/installs/ruby/2.5.0/include/ruby-2.5.0/ruby/backward -I/home/mateus/.asdf/installs/ruby/2.5.0/include/ruby-2.5.0 -I. -I/home/mateus/.asdf/installs/ruby/2.5.0/include    -O3 -ggdb3 -Wall -Wextra -Wno-unused-parameter -Wno-parentheses -Wno-long-long -Wno-missing-field-initializers -Wno-tautological-compare -Wno-parentheses-equality -Wno-constant-logical-operand -Wno-self-assign -Wunused-variable -Wimplicit-int -Wpointer-arith -Wwrite-strings -Wdeclaration-after-statement -Wimplicit-function-declaration -Wdeprecated-declarations -Wmisleading-indentation -Wno-packed-bitfield-compat -Wsuggest-attribute=noreturn -Wsuggest-attribute=format -Wimplicit-fallthrough=0 -Wduplicated-cond -Wrestrict  -fPIC conftest.c  -L. -L/home/mateus/.asdf/installs/ruby/2.5.0/lib -Wl,-rpath,/home/mateus/.asdf/installs/ruby/2.5.0/lib -L. -L/home/mateus/.asdf/installs/ruby/2.5.0/lib  -fstack-protector -rdynamic -Wl,-export-dynamic     -Wl,-rpath,/home/mateus/.asdf/installs/ruby/2.5.0/lib -L/home/mateus/.asdf/installs/ruby/2.5.0/lib -lruby  -lpthread -lgmp -ldl -lcrypt -lm   -lc"
/usr/bin/ld: /tmp/ccrovXoJ.o: na função "t":
/home/mateus/projetos/time_to_answer/vendor/bundle/ruby/2.5.0/gems/msgpack-1.6.1/ext/msgpack/conftest.c:16: referência não definida para "rb_hash_new_capa"
collect2: error: ld returned 1 exit status
checked program was:
/* begin */
 1: #include "ruby.h"
 2: 
 3: #include <ruby.h>
 4: 
 5: /*top*/
 6: extern int t(void);
 7: int main(int argc, char **argv)
 8: {
 9:   if (argc > 1000000) {
10:     printf("%p", &t);
11:   }
12: 
13:   return 0;
14: }
15: extern void rb_hash_new_capa();
16: int t(void) { rb_hash_new_capa(); return 0; }
/* end */

--------------------

